{"C:\\Users\\znen2\\OneDrive\\Desktop\\UniCanteen\\frontend\\src\\store\\authStore.ts": {"path":"C:\\Users\\znen2\\OneDrive\\Desktop\\UniCanteen\\frontend\\src\\store\\authStore.ts","all":false,"statementMap":{"0":{"start":{"line":1,"column":0},"end":{"line":1,"column":33}},"1":{"start":{"line":2,"column":0},"end":{"line":2,"column":37}},"2":{"start":{"line":3,"column":0},"end":{"line":3,"column":0}},"3":{"start":{"line":4,"column":0},"end":{"line":4,"column":21}},"4":{"start":{"line":5,"column":0},"end":{"line":5,"column":20}},"5":{"start":{"line":6,"column":0},"end":{"line":6,"column":23}},"6":{"start":{"line":7,"column":0},"end":{"line":7,"column":47}},"7":{"start":{"line":8,"column":0},"end":{"line":8,"column":21}},"8":{"start":{"line":9,"column":0},"end":{"line":9,"column":1}},"9":{"start":{"line":10,"column":0},"end":{"line":10,"column":0}},"10":{"start":{"line":11,"column":0},"end":{"line":11,"column":57}},"11":{"start":{"line":12,"column":0},"end":{"line":12,"column":13}},"12":{"start":{"line":13,"column":0},"end":{"line":13,"column":39}},"13":{"start":{"line":14,"column":0},"end":{"line":14,"column":29}},"14":{"start":{"line":15,"column":0},"end":{"line":15,"column":41}},"15":{"start":{"line":16,"column":0},"end":{"line":16,"column":25}},"16":{"start":{"line":17,"column":0},"end":{"line":17,"column":4}},"17":{"start":{"line":18,"column":0},"end":{"line":18,"column":17}},"18":{"start":{"line":19,"column":0},"end":{"line":19,"column":37}},"19":{"start":{"line":20,"column":0},"end":{"line":20,"column":37}},"20":{"start":{"line":21,"column":0},"end":{"line":21,"column":4}},"21":{"start":{"line":22,"column":0},"end":{"line":22,"column":4}}},"s":{"0":1,"1":1,"2":1,"3":1,"4":1,"5":1,"6":1,"7":1,"8":1,"9":1,"10":1,"11":1,"12":1,"13":1,"14":2,"15":2,"16":2,"17":1,"18":1,"19":1,"20":1,"21":1},"branchMap":{"0":{"type":"branch","line":11,"loc":{"start":{"line":11,"column":46},"end":{"line":22,"column":2}},"locations":[{"start":{"line":11,"column":46},"end":{"line":22,"column":2}}]},"1":{"type":"branch","line":14,"loc":{"start":{"line":14,"column":11},"end":{"line":17,"column":4}},"locations":[{"start":{"line":14,"column":11},"end":{"line":17,"column":4}}]},"2":{"type":"branch","line":18,"loc":{"start":{"line":18,"column":10},"end":{"line":21,"column":4}},"locations":[{"start":{"line":18,"column":10},"end":{"line":21,"column":4}}]}},"b":{"0":[1],"1":[2],"2":[1]},"fnMap":{"0":{"name":"setAuth","decl":{"start":{"line":14,"column":11},"end":{"line":17,"column":4}},"loc":{"start":{"line":14,"column":11},"end":{"line":17,"column":4}},"line":14},"1":{"name":"logout","decl":{"start":{"line":18,"column":10},"end":{"line":21,"column":4}},"loc":{"start":{"line":18,"column":10},"end":{"line":21,"column":4}},"line":18}},"f":{"0":2,"1":1}}
,"C:\\Users\\znen2\\OneDrive\\Desktop\\UniCanteen\\frontend\\src\\store\\cartStore.ts": {"path":"C:\\Users\\znen2\\OneDrive\\Desktop\\UniCanteen\\frontend\\src\\store\\cartStore.ts","all":false,"statementMap":{"0":{"start":{"line":1,"column":0},"end":{"line":1,"column":33}},"1":{"start":{"line":2,"column":0},"end":{"line":2,"column":47}},"2":{"start":{"line":3,"column":0},"end":{"line":3,"column":0}},"3":{"start":{"line":4,"column":0},"end":{"line":4,"column":21}},"4":{"start":{"line":5,"column":0},"end":{"line":5,"column":20}},"5":{"start":{"line":6,"column":0},"end":{"line":6,"column":32}},"6":{"start":{"line":7,"column":0},"end":{"line":7,"column":35}},"7":{"start":{"line":8,"column":0},"end":{"line":8,"column":52}},"8":{"start":{"line":9,"column":0},"end":{"line":9,"column":20}},"9":{"start":{"line":10,"column":0},"end":{"line":10,"column":22}},"10":{"start":{"line":11,"column":0},"end":{"line":11,"column":1}},"11":{"start":{"line":12,"column":0},"end":{"line":12,"column":0}},"12":{"start":{"line":13,"column":0},"end":{"line":13,"column":62}},"13":{"start":{"line":14,"column":0},"end":{"line":14,"column":12}},"14":{"start":{"line":15,"column":0},"end":{"line":15,"column":22}},"15":{"start":{"line":16,"column":0},"end":{"line":16,"column":30}},"16":{"start":{"line":17,"column":0},"end":{"line":17,"column":62}},"17":{"start":{"line":18,"column":0},"end":{"line":18,"column":19}},"18":{"start":{"line":19,"column":0},"end":{"line":19,"column":103}},"19":{"start":{"line":20,"column":0},"end":{"line":20,"column":12}},"20":{"start":{"line":21,"column":0},"end":{"line":21,"column":56}},"21":{"start":{"line":22,"column":0},"end":{"line":22,"column":5}},"22":{"start":{"line":23,"column":0},"end":{"line":23,"column":4}},"23":{"start":{"line":24,"column":0},"end":{"line":24,"column":82}},"24":{"start":{"line":25,"column":0},"end":{"line":25,"column":32}},"25":{"start":{"line":26,"column":0},"end":{"line":26,"column":19}},"26":{"start":{"line":27,"column":0},"end":{"line":27,"column":66}},"27":{"start":{"line":28,"column":0},"end":{"line":28,"column":12}},"28":{"start":{"line":29,"column":0},"end":{"line":29,"column":93}},"29":{"start":{"line":30,"column":0},"end":{"line":30,"column":5}},"30":{"start":{"line":31,"column":0},"end":{"line":31,"column":4}},"31":{"start":{"line":32,"column":0},"end":{"line":32,"column":34}},"32":{"start":{"line":33,"column":0},"end":{"line":33,"column":82}},"33":{"start":{"line":34,"column":0},"end":{"line":34,"column":4}}},"s":{"0":1,"1":1,"2":1,"3":1,"4":1,"5":1,"6":1,"7":1,"8":1,"9":1,"10":1,"11":1,"12":1,"13":1,"14":1,"15":7,"16":7,"17":7,"18":1,"19":7,"20":6,"21":6,"22":7,"23":1,"24":1,"25":1,"26":0,"27":1,"28":1,"29":1,"30":1,"31":1,"32":1,"33":1},"branchMap":{"0":{"type":"branch","line":13,"loc":{"start":{"line":13,"column":46},"end":{"line":34,"column":2}},"locations":[{"start":{"line":13,"column":46},"end":{"line":34,"column":2}}]},"1":{"type":"branch","line":15,"loc":{"start":{"line":15,"column":11},"end":{"line":23,"column":4}},"locations":[{"start":{"line":15,"column":11},"end":{"line":23,"column":4}}]},"2":{"type":"branch","line":18,"loc":{"start":{"line":18,"column":18},"end":{"line":20,"column":11}},"locations":[{"start":{"line":18,"column":18},"end":{"line":20,"column":11}}]},"3":{"type":"branch","line":20,"loc":{"start":{"line":20,"column":4},"end":{"line":22,"column":5}},"locations":[{"start":{"line":20,"column":4},"end":{"line":22,"column":5}}]},"4":{"type":"branch","line":17,"loc":{"start":{"line":17,"column":32},"end":{"line":17,"column":60}},"locations":[{"start":{"line":17,"column":32},"end":{"line":17,"column":60}}]},"5":{"type":"branch","line":19,"loc":{"start":{"line":19,"column":29},"end":{"line":19,"column":98}},"locations":[{"start":{"line":19,"column":29},"end":{"line":19,"column":98}}]},"6":{"type":"branch","line":19,"loc":{"start":{"line":19,"column":93},"end":{"line":19,"column":98}},"locations":[{"start":{"line":19,"column":93},"end":{"line":19,"column":98}}]},"7":{"type":"branch","line":24,"loc":{"start":{"line":24,"column":14},"end":{"line":24,"column":82}},"locations":[{"start":{"line":24,"column":14},"end":{"line":24,"column":82}}]},"8":{"type":"branch","line":24,"loc":{"start":{"line":24,"column":54},"end":{"line":24,"column":77}},"locations":[{"start":{"line":24,"column":54},"end":{"line":24,"column":77}}]},"9":{"type":"branch","line":25,"loc":{"start":{"line":25,"column":18},"end":{"line":31,"column":4}},"locations":[{"start":{"line":25,"column":18},"end":{"line":31,"column":4}}]},"10":{"type":"branch","line":26,"loc":{"start":{"line":26,"column":18},"end":{"line":28,"column":11}},"locations":[{"start":{"line":26,"column":18},"end":{"line":28,"column":11}}]},"11":{"type":"branch","line":29,"loc":{"start":{"line":29,"column":35},"end":{"line":29,"column":88}},"locations":[{"start":{"line":29,"column":35},"end":{"line":29,"column":88}}]},"12":{"type":"branch","line":29,"loc":{"start":{"line":29,"column":56},"end":{"line":29,"column":87}},"locations":[{"start":{"line":29,"column":56},"end":{"line":29,"column":87}}]},"13":{"type":"branch","line":29,"loc":{"start":{"line":29,"column":83},"end":{"line":29,"column":88}},"locations":[{"start":{"line":29,"column":83},"end":{"line":29,"column":88}}]},"14":{"type":"branch","line":32,"loc":{"start":{"line":32,"column":9},"end":{"line":32,"column":34}},"locations":[{"start":{"line":32,"column":9},"end":{"line":32,"column":34}}]},"15":{"type":"branch","line":33,"loc":{"start":{"line":33,"column":9},"end":{"line":33,"column":82}},"locations":[{"start":{"line":33,"column":9},"end":{"line":33,"column":82}}]},"16":{"type":"branch","line":33,"loc":{"start":{"line":33,"column":34},"end":{"line":33,"column":79}},"locations":[{"start":{"line":33,"column":34},"end":{"line":33,"column":79}}]}},"b":{"0":[1],"1":[7],"2":[1],"3":[6],"4":[2],"5":[1],"6":[0],"7":[1],"8":[1],"9":[1],"10":[0],"11":[2],"12":[1],"13":[1],"14":[1],"15":[1],"16":[2]},"fnMap":{"0":{"name":"addItem","decl":{"start":{"line":15,"column":11},"end":{"line":23,"column":4}},"loc":{"start":{"line":15,"column":11},"end":{"line":23,"column":4}},"line":15},"1":{"name":"removeItem","decl":{"start":{"line":24,"column":14},"end":{"line":24,"column":82}},"loc":{"start":{"line":24,"column":14},"end":{"line":24,"column":82}},"line":24},"2":{"name":"updateQuantity","decl":{"start":{"line":25,"column":18},"end":{"line":31,"column":4}},"loc":{"start":{"line":25,"column":18},"end":{"line":31,"column":4}},"line":25},"3":{"name":"clear","decl":{"start":{"line":32,"column":9},"end":{"line":32,"column":34}},"loc":{"start":{"line":32,"column":9},"end":{"line":32,"column":34}},"line":32},"4":{"name":"total","decl":{"start":{"line":33,"column":9},"end":{"line":33,"column":82}},"loc":{"start":{"line":33,"column":9},"end":{"line":33,"column":82}},"line":33}},"f":{"0":7,"1":1,"2":1,"3":1,"4":1}}
}
